<?xml version="1.0" encoding="UTF-8"?>
<!-- Generated by org.testng.reporters.JUnitReportReporter -->
<testsuite hostname="VDI-VS13-66" name="qa.automation.api.last.DEMO_REQ" tests="7" failures="0" timestamp="21 Dec 2017 09:13:10 GMT" time="26.845" errors="0">
  <testcase name="view_post_changes" time="8.132" classname="qa.automation.api.last.DEMO_REQ"/>
  <testcase name="DELETE_REQ" time="0.052" classname="qa.automation.api.last.DEMO_REQ"/>
  <testcase name="POST_REQ" time="4.291" classname="qa.automation.api.last.DEMO_REQ"/>
  <testcase name="view_put_changes" time="7.178" classname="qa.automation.api.last.DEMO_REQ"/>
  <testcase name="PATCH_REQ" time="0.055" classname="qa.automation.api.last.DEMO_REQ"/>
  <testcase name="PUT_REQ" time="0.067" classname="qa.automation.api.last.DEMO_REQ"/>
  <testcase name="view_patch_changes" time="7.070" classname="qa.automation.api.last.DEMO_REQ"/>
</testsuite> <!-- qa.automation.api.last.DEMO_REQ -->
