<?xml version="1.0" encoding="UTF-8"?>
<!-- Generated by org.testng.reporters.JUnitReportReporter -->
<testsuite hostname="VDI-VS13-66" name="qa.automation.weatherapi.JSONPath" tests="1" failures="0" timestamp="20 Dec 2017 08:33:22 GMT" time="3.104" errors="0">
  <testcase name="path" time="3.104" classname="qa.automation.weatherapi.JSONPath"/>
</testsuite> <!-- qa.automation.weatherapi.JSONPath -->
