<?xml version="1.0" encoding="UTF-8"?>
<!-- Generated by org.testng.reporters.JUnitReportReporter -->
<testsuite hostname="VDI-VS13-66" name="qa.automation.api.posts.REQ" tests="1" failures="0" timestamp="20 Dec 2017 13:31:48 GMT" time="2.592" errors="0">
  <testcase name="POST_REQ" time="2.592" classname="qa.automation.api.posts.REQ"/>
</testsuite> <!-- qa.automation.api.posts.REQ -->
