<?xml version="1.0" encoding="UTF-8"?>
<!-- Generated by org.testng.reporters.JUnitReportReporter -->
<testsuite hostname="VDI-VS13-66" name="qa.automation.api.last.REQ" tests="7" failures="0" timestamp="21 Dec 2017 09:08:27 GMT" time="25.424" errors="0">
  <testcase name="PATCH_REQ" time="0.069" classname="qa.automation.api.last.REQ"/>
  <testcase name="view_post_changes" time="10.422" classname="qa.automation.api.last.REQ"/>
  <testcase name="view_putt_changes" time="5.699" classname="qa.automation.api.last.REQ"/>
  <testcase name="POST_REQ" time="3.952" classname="qa.automation.api.last.REQ"/>
  <testcase name="DELETE_REQ" time="0.075" classname="qa.automation.api.last.REQ"/>
  <testcase name="PUT_REQ" time="0.051" classname="qa.automation.api.last.REQ"/>
  <testcase name="view_patch_changes" time="5.156" classname="qa.automation.api.last.REQ"/>
</testsuite> <!-- qa.automation.api.last.REQ -->
