<?xml version="1.0" encoding="UTF-8"?>
<!-- Generated by org.testng.reporters.JUnitReportReporter -->
<testsuite hostname="VDI-VS13-66" name="qa.automation.methods.Post_Request" tests="1" failures="0" timestamp="20 Dec 2017 13:35:43 GMT" time="2.256" errors="0">
  <testcase name="post" time="2.256" classname="qa.automation.methods.Post_Request"/>
</testsuite> <!-- qa.automation.methods.Post_Request -->
