<?xml version="1.0" encoding="UTF-8"?>
<!-- Generated by org.testng.reporters.JUnitReportReporter -->
<testsuite hostname="VDI-VS13-66" name="qa.automation.api.last.REQUEST" tests="9" failures="0" timestamp="25 May 2018 10:34:35 GMT" time="45.404" errors="0">
  <testcase name="PUT_REQ" time="0.050" classname="qa.automation.api.last.REQUEST"/>
  <testcase name="view_putt_changes" time="8.107" classname="qa.automation.api.last.REQUEST"/>
  <testcase name="view_post_changes" time="8.096" classname="qa.automation.api.last.REQUEST"/>
  <testcase name="DELETE_REQ" time="0.070" classname="qa.automation.api.last.REQUEST"/>
  <testcase name="PATCH_REQ" time="0.024" classname="qa.automation.api.last.REQUEST"/>
  <testcase name="POST_REQ" time="2.243" classname="qa.automation.api.last.REQUEST"/>
  <testcase name="view_patch_changes" time="8.185" classname="qa.automation.api.last.REQUEST"/>
  <testcase name="view_delete_changes" time="8.162" classname="qa.automation.api.last.REQUEST"/>
  <testcase name="view_original" time="10.467" classname="qa.automation.api.last.REQUEST"/>
</testsuite> <!-- qa.automation.api.last.REQUEST -->
