<?xml version="1.0" encoding="UTF-8"?>
<!-- Generated by org.testng.reporters.JUnitReportReporter -->
<testsuite hostname="VDI-VS13-66" name="qa.automation.utils.Utils" tests="1" failures="0" timestamp="20 Dec 2017 08:42:39 GMT" time="0.015" errors="0">
  <testcase name="a" time="0.015" classname="qa.automation.utils.Utils"/>
</testsuite> <!-- qa.automation.utils.Utils -->
