<?xml version="1.0" encoding="UTF-8"?>
<!-- Generated by org.testng.reporters.JUnitReportReporter -->
<testsuite hostname="VDI-VS13-66" name="qa.automation.weatherapi.WeatherGetRequest" tests="1" failures="0" timestamp="20 Dec 2017 06:25:12 GMT" time="2.165" errors="0">
  <testcase name="City_id" time="2.165" classname="qa.automation.weatherapi.WeatherGetRequest"/>
</testsuite> <!-- qa.automation.weatherapi.WeatherGetRequest -->
