<?xml version="1.0" encoding="UTF-8"?>
<!-- Generated by org.testng.reporters.JUnitReportReporter -->
<testsuite hostname="VDI-VS13-66" name="qa.automation.weatherapi.JsonServerRequests" tests="1" failures="0" timestamp="20 Dec 2017 13:34:47 GMT" time="2.087" errors="0">
  <testcase name="f2" time="2.087" classname="qa.automation.weatherapi.JsonServerRequests"/>
</testsuite> <!-- qa.automation.weatherapi.JsonServerRequests -->
