<?xml version="1.0" encoding="UTF-8"?>
<!-- Generated by org.testng.reporters.JUnitReportReporter -->
<testsuite hostname="VDI-VS13-66" name="qa.automation.api.posts.POST_REQ" tests="1" failures="0" timestamp="20 Dec 2017 11:40:11 GMT" time="2.427" errors="0">
  <testcase name="f" time="2.427" classname="qa.automation.api.posts.POST_REQ"/>
</testsuite> <!-- qa.automation.api.posts.POST_REQ -->
