<?xml version="1.0" encoding="UTF-8"?>
<!-- Generated by org.testng.reporters.JUnitReportReporter -->
<testsuite hostname="VDI-VS13-66" name="qa.automation.api.WeatherRequest" tests="2" failures="0" timestamp="20 Dec 2017 04:45:47 GMT" time="2.208" errors="0">
  <testcase name="Request2" time="0.097" classname="qa.automation.api.WeatherRequest"/>
  <testcase name="Request1" time="2.111" classname="qa.automation.api.WeatherRequest"/>
</testsuite> <!-- qa.automation.api.WeatherRequest -->
