<?xml version="1.0" encoding="UTF-8"?>
<!-- Generated by org.testng.reporters.JUnitReportReporter -->
<testsuite hostname="VDI-VS13-66" name="qa.automation.api.last.GET_REQUEST" tests="2" failures="0" timestamp="25 May 2018 10:32:52 GMT" time="3.636" errors="0">
  <testcase name="test_parameters" time="0.572" classname="qa.automation.api.last.GET_REQUEST"/>
  <testcase name="GET_REQ" time="3.064" classname="qa.automation.api.last.GET_REQUEST"/>
</testsuite> <!-- qa.automation.api.last.GET_REQUEST -->
