<?xml version="1.0" encoding="UTF-8"?>
<!-- Generated by org.testng.reporters.JUnitReportReporter -->
<testsuite hostname="VDI-VS13-66" name="qa.automation.api.old.methods.Process_REQ" tests="1" failures="0" timestamp="21 Dec 2017 09:03:42 GMT" time="0.021" errors="0">
  <testcase name="f" time="0.021" classname="qa.automation.api.old.methods.Process_REQ"/>
</testsuite> <!-- qa.automation.api.old.methods.Process_REQ -->
